<?xml version="1.0" encoding="UTF-8"?>
<!-- Generated by org.testng.reporters.JUnitReportReporter -->
<testsuite skipped="0" hostname="minds" name="com.chamilo.testcases.End_User_test" tests="1" failures="0" timestamp="22 May 2019 05:19:55 GMT" time="60.556" errors="0">
  <testcase name="clickonenrollpage1" time="60.556" classname="com.chamilo.testcases.End_User_test"/>
</testsuite> <!-- com.chamilo.testcases.End_User_test -->
