<?xml version="1.0" encoding="UTF-8"?>
<!-- Generated by org.testng.reporters.JUnitReportReporter -->
<testsuite skipped="0" hostname="minds" name="com.chamilo.testcases.Login_page_Test" tests="2" failures="0" timestamp="17 May 2019 05:46:07 GMT" time="44.848" errors="0">
  <testcase name="loginTest" time="24.550" classname="com.chamilo.testcases.Login_page_Test"/>
  <testcase name="loginTest1" time="20.298" classname="com.chamilo.testcases.Login_page_Test"/>
</testsuite> <!-- com.chamilo.testcases.Login_page_Test -->
