<?xml version="1.0" encoding="UTF-8"?>
<!-- Generated by org.testng.reporters.JUnitReportReporter -->
<testsuite skipped="0" hostname="minds" name="com.chamilo.testcases.Assessment_Assignment_Test" tests="2" failures="0" timestamp="17 May 2019 10:46:19 GMT" time="88.379" errors="0">
  <testcase name="setUp" time="26.354" classname="com.chamilo.testcases.Assessment_Assignment_Test"/>
  <testcase name="clickonAssessment_Assignment" time="62.025" classname="com.chamilo.testcases.Assessment_Assignment_Test"/>
</testsuite> <!-- com.chamilo.testcases.Assessment_Assignment_Test -->
