<?xml version="1.0" encoding="UTF-8"?>
<!-- Generated by org.testng.reporters.JUnitReportReporter -->
<testsuite skipped="0" hostname="minds" name="com.chamilo.testcases.Admin_side_test" tests="1" failures="0" timestamp="22 May 2019 05:07:50 GMT" time="116.252" errors="0">
  <testcase name="clickonenrollpage" time="116.252" classname="com.chamilo.testcases.Admin_side_test"/>
</testsuite> <!-- com.chamilo.testcases.Admin_side_test -->
