<?xml version="1.0" encoding="UTF-8"?>
<!-- Generated by org.testng.reporters.JUnitReportReporter -->
<testsuite skipped="0" hostname="minds" name="com.chamilo.testcases.Add_Announcement_test" tests="2" failures="0" timestamp="22 May 2019 10:48:32 GMT" time="95.336" errors="0">
  <testcase name="clickonannouncementpage" time="60.396" classname="com.chamilo.testcases.Add_Announcement_test"/>
  <testcase name="clickonannouncementpage1" time="34.940" classname="com.chamilo.testcases.Add_Announcement_test"/>
</testsuite> <!-- com.chamilo.testcases.Add_Announcement_test -->
