<?xml version="1.0" encoding="UTF-8"?>
<!-- Generated by org.testng.reporters.JUnitReportReporter -->
<testsuite skipped="0" hostname="minds" name="com.chamilo.testcases.Enroll_Users_test" tests="4" failures="0" timestamp="22 May 2019 10:48:32 GMT" time="265.634" errors="0">
  <testcase name="clickonenrollpage" time="112.491" classname="com.chamilo.testcases.Enroll_Users_test"/>
  <testcase name="clickonenrollpage1" time="53.957" classname="com.chamilo.testcases.Enroll_Users_test"/>
  <testcase name="clickonAssessment_Assignment" time="63.727" classname="com.chamilo.testcases.Enroll_Users_test"/>
  <testcase name="clickonAssessment_Assignment1" time="35.459" classname="com.chamilo.testcases.Enroll_Users_test"/>
</testsuite> <!-- com.chamilo.testcases.Enroll_Users_test -->
